<?xml version="1.0" encoding="UTF-8" ?>
<testsuite failures="0" time="0.179" errors="0" skipped="0" tests="58" name="org.archive.net.UURIFactoryTest">
  <properties>
[...]
</properties>
  <testcase time="0.002" classname="org.archive.net.UURIFactoryTest" name="testPort"/>
  <testcase time="0.001" classname="org.archive.net.UURIFactoryTest" name="testEscaping"/>
  <testcase time="0.001" classname="org.archive.net.UURIFactoryTest" name="testUnderscoreMakesPortParseFail"/>
  <testcase time="0.001" classname="org.archive.net.UURIFactoryTest" name="testRelativeURIWithTwoSlashes"/>
  <testcase time="0" classname="org.archive.net.UURIFactoryTest" name="testTrailingEncodedSpace"/>
  <testcase time="0" classname="org.archive.net.UURIFactoryTest" name="testPort0080is80"/>
  <testcase time="0.016" classname="org.archive.net.UURIFactoryTest" name="testEscapeEncoding"/>
  <testcase time="0.007" classname="org.archive.net.UURIFactoryTest" name="testTooLongAfterEscaping"/>
  <testcase time="0" classname="org.archive.net.UURIFactoryTest" name="testFtpUris"/>
  <testcase time="0.002" classname="org.archive.net.UURIFactoryTest" name="testWhitespaceEscaped"/>
  <testcase time="0.001" classname="org.archive.net.UURIFactoryTest" name="testDnsHost"/>
  <testcase time="0" classname="org.archive.net.UURIFactoryTest" name="testPercentEscaping"/>
  <testcase time="0.001" classname="org.archive.net.UURIFactoryTest" name="testRelativeDblPathSlashes"/>
  <testcase time="0" classname="org.archive.net.UURIFactoryTest" name="testRelativeWithScheme"/>
  <testcase time="0.001" classname="org.archive.net.UURIFactoryTest" name="testBadBaseResolve"/>
  <testcase time="0.001" classname="org.archive.net.UURIFactoryTest" name="testTilde"/>
  <testcase time="0.001" classname="org.archive.net.UURIFactoryTest" name="testCurlies"/>
  <testcase time="0" classname="org.archive.net.UURIFactoryTest" name="testTrimSpaceNBSP"/>
  <testcase time="0" classname="org.archive.net.UURIFactoryTest" name="testSpaceDoubleEncoding"/>
  <testcase time="0.002" classname="org.archive.net.UURIFactoryTest" name="testDoubleEncoding"/>
  <testcase time="0.002" classname="org.archive.net.UURIFactoryTest" name="testThreeSlashes"/>
  <testcase time="0" classname="org.archive.net.UURIFactoryTest" name="testNoScheme"/>
  <testcase time="0.001" classname="org.archive.net.UURIFactoryTest" name="testRelative"/>
  <testcase time="0.001" classname="org.archive.net.UURIFactoryTest" name="testRelativeEmpty"/>
  <testcase time="0.001" classname="org.archive.net.UURIFactoryTest" name="testAbsolute"/>
  <testcase time="0.001" classname="org.archive.net.UURIFactoryTest" name="testHostWithLessThan"/>
  <testcase time="0.005" classname="org.archive.net.UURIFactoryTest" name="test2kURI"/>
  <testcase time="0.001" classname="org.archive.net.UURIFactoryTest" name="testHostWithPeriod"/>
  <testcase time="0.001" classname="org.archive.net.UURIFactoryTest" name="testHostEncodedChars"/>
  <testcase time="0.001" classname="org.archive.net.UURIFactoryTest" name="testSpaceInHost"/>
  <testcase time="0.001" classname="org.archive.net.UURIFactoryTest" name="testHostWithUnderscores"/>
  <testcase time="0" classname="org.archive.net.UURIFactoryTest" name="testTwoDots"/>
  <testcase time="0.001" classname="org.archive.net.UURIFactoryTest" name="testHostWithDigit"/>
  <testcase time="0.001" classname="org.archive.net.UURIFactoryTest" name="testUserinfo"/>
  <testcase time="0" classname="org.archive.net.UURIFactoryTest" name="testUserinfoPlusPort"/>
  <testcase time="0" classname="org.archive.net.UURIFactoryTest" name="testRFC3986RelativeChange"/>
  <testcase time="0.006" classname="org.archive.net.UURIFactoryTest" name="testRFC3986Relative"/>
  <testcase time="0.006" classname="org.archive.net.UURIFactoryTest" name="testRFC2396Relative"/>
  <testcase time="0" classname="org.archive.net.UURIFactoryTest" name="testAnchors"/>
  <testcase time="0.001" classname="org.archive.net.UURIFactoryTest" name="testStartsWithColon"/>
  <testcase time="0.001" classname="org.archive.net.UURIFactoryTest" name="testLateColon"/>
  <testcase time="0.001" classname="org.archive.net.UURIFactoryTest" name="testTrailingPercents"/>
  <testcase time="0.001" classname="org.archive.net.UURIFactoryTest" name="testStrayPercents"/>
  <testcase time="0" classname="org.archive.net.UURIFactoryTest" name="testEscapingNotNecessary"/>
  <testcase time="0.061" classname="org.archive.net.UURIFactoryTest" name="testIdn"/>
  <testcase time="0.001" classname="org.archive.net.UURIFactoryTest" name="testNewLineInURL"/>
  <testcase time="0" classname="org.archive.net.UURIFactoryTest" name="testTabsInURL"/>
  <testcase time="0.001" classname="org.archive.net.UURIFactoryTest" name="testQueryEscaping"/>
  <testcase time="0.004" classname="org.archive.net.UURIFactoryTest" name="testSameAsNutchURLFilterBasic"/>
  <testcase time="0" classname="org.archive.net.UURIFactoryTest" name="testHttpSchemeColonSlash"/>
  <testcase time="0.001" classname="org.archive.net.UURIFactoryTest" name="testNakedHttpsSchemeColon"/>
  <testcase time="0" classname="org.archive.net.UURIFactoryTest" name="testMissingHttpColon"/>
  <testcase time="0.027" classname="org.archive.net.UURIFactoryTest" name="testSerializationRoundtrip"/>
  <testcase time="0" classname="org.archive.net.UURIFactoryTest" name="testToCustomStringRoundtrip"/>
  <testcase time="0.001" classname="org.archive.net.UURIFactoryTest" name="testHostnamePortRoundtrip"/>
  <testcase time="0" classname="org.archive.net.UURIFactoryTest" name="testExtremePort"/>
  <testcase time="0.001" classname="org.archive.net.UURIFactoryTest" name="testBarsInRelativePath"/>
  <testcase time="0" classname="org.archive.net.UURIFactoryTest" name="testBackslashes"/>
</testsuite>